Comparing Files without and with mutation for Class: columnChecker
1,30d0
< 26		For		row		0		this.sudoku.length		9
< 26		For		row		1		this.sudoku.length		9
< 26		For		row		2		this.sudoku.length		9
< 26		For		row		3		this.sudoku.length		9
< 26		For		row		4		this.sudoku.length		9
< 26		For		row		5		this.sudoku.length		9
< 26		For		row		6		this.sudoku.length		9
< 26		For		row		7		this.sudoku.length		9
< 26		For		row		8		this.sudoku.length		9
< 26		For		row		0		this.sudoku.length		9
< 26		For		row		1		this.sudoku.length		9
< 26		For		row		2		this.sudoku.length		9
< 26		For		row		3		this.sudoku.length		9
< 26		For		row		4		this.sudoku.length		9
< 26		For		row		5		this.sudoku.length		9
< 26		For		row		6		this.sudoku.length		9
< 26		For		row		7		this.sudoku.length		9
< 47		For		j		0		x.length		9
< 47		For		j		1		x.length		9
< 47		For		j		2		x.length		9
< 47		For		j		3		x.length		9
< 47		For		j		4		x.length		9
< 47		For		j		5		x.length		9
< 47		For		j		6		x.length		9
< 47		For		j		7		x.length		9
< 47		For		j		8		x.length		9
< 26		For		row		8		this.sudoku.length		9
< 33		For
< 33		For
< true
